\BOOKMARK [0][-]{chapter*.1}{\376\377\000I\000n\000t\000r\000o\000d\000u\000z\000i\000o\000n\000e}{}% 1
\BOOKMARK [0][-]{chapter.1}{\376\377\000B\000a\000c\000k\000g\000r\000o\000u\000n\000d\000\040\000e\000\040\000C\000o\000n\000t\000e\000s\000t\000o}{}% 2
\BOOKMARK [1][-]{section.1.1}{\376\377\000L\000'\000i\000n\000q\000u\000i\000n\000a\000m\000e\000n\000t\000o\000\040\000d\000e\000l\000l\000'\000a\000r\000i\000a}{chapter.1}% 3
\BOOKMARK [2][-]{subsection.1.1.1}{\376\377\000R\000i\000f\000e\000r\000i\000m\000e\000n\000t\000i\000\040\000l\000e\000g\000i\000s\000l\000a\000t\000i\000v\000i}{section.1.1}% 4
\BOOKMARK [2][-]{subsection.1.1.2}{\376\377\000M\000i\000s\000u\000r\000a\000r\000e\000\040\000l\000'\000i\000n\000q\000u\000i\000n\000a\000m\000e\000n\000t\000o}{section.1.1}% 5
\BOOKMARK [1][-]{section.1.2}{\376\377\000V\000i\000s\000u\000a\000l\000i\000z\000z\000a\000z\000i\000o\000n\000e\000\040\000d\000e\000i\000\040\000d\000a\000t\000i}{chapter.1}% 6
\BOOKMARK [2][-]{subsection.1.2.1}{\376\377\000L\000a\000\040\000d\000a\000t\000a\000\040\000v\000i\000s\000u\000a\000l\000i\000z\000a\000t\000i\000o\000n}{section.1.2}% 7
\BOOKMARK [2][-]{subsection.1.2.2}{\376\377\000R\000a\000p\000p\000r\000e\000s\000e\000n\000t\000a\000r\000e\000\040\000l\000'\000i\000n\000q\000u\000i\000n\000a\000m\000e\000n\000t\000o}{section.1.2}% 8
\BOOKMARK [2][-]{subsection.1.2.3}{\376\377\000I\000\040\000p\000r\000o\000b\000l\000e\000m\000i\000\040\000d\000e\000l\000l\000a\000\040\000r\000a\000p\000p\000r\000e\000s\000e\000n\000t\000a\000z\000i\000o\000n\000e\000\040\000g\000r\000a\000f\000i\000c\000a}{section.1.2}% 9
\BOOKMARK [1][-]{section.1.3}{\376\377\000S\000o\000n\000i\000f\000i\000c\000a\000z\000i\000o\000n\000e}{chapter.1}% 10
\BOOKMARK [2][-]{subsection.1.3.1}{\376\377\000D\000e\000f\000i\000n\000i\000z\000i\000o\000n\000e\000\040\000d\000i\000\040\000S\000o\000n\000i\000f\000i\000c\000a\000z\000i\000o\000n\000e}{section.1.3}% 11
\BOOKMARK [2][-]{subsection.1.3.2}{\376\377\000L\000'\000u\000t\000i\000l\000i\000z\000z\000o\000\040\000d\000e\000l\000l\000a\000\040\000s\000o\000n\000i\000f\000i\000c\000a\000z\000i\000o\000n\000e}{section.1.3}% 12
\BOOKMARK [2][-]{subsection.1.3.3}{\376\377\000S\000o\000n\000i\000f\000i\000c\000a\000z\000i\000o\000n\000e\000\040\000e\000d\000\040\000a\000c\000c\000e\000s\000s\000i\000b\000i\000l\000i\000t\000\340}{section.1.3}% 13
\BOOKMARK [2][-]{subsection.1.3.4}{\376\377\000A\000d\000a\000t\000t\000a\000r\000e\000\040\000u\000n\000\040\000d\000a\000t\000o\000\040\000a\000d\000\040\000u\000n\000\040\000f\000o\000r\000m\000a\000t\000o\000\040\000s\000o\000n\000o\000r\000o}{section.1.3}% 14
\BOOKMARK [2][-]{subsection.1.3.5}{\376\377\000E\000s\000e\000m\000p\000i\000\040\000s\000p\000i\000e\000g\000a\000t\000i}{section.1.3}% 15
\BOOKMARK [0][-]{chapter.2}{\376\377\000D\000e\000s\000i\000g\000n\000\040\000e\000\040\000T\000e\000c\000n\000o\000l\000o\000g\000i\000e}{}% 16
\BOOKMARK [1][-]{section.2.1}{\376\377\000D\000e\000f\000i\000n\000i\000z\000i\000o\000n\000e\000\040\000d\000e\000i\000\040\000R\000e\000q\000u\000i\000s\000i\000t\000i}{chapter.2}% 17
\BOOKMARK [2][-]{subsection.2.1.1}{\376\377\000R\000e\000q\000u\000i\000s\000i\000t\000i\000\040\000f\000u\000n\000z\000i\000o\000n\000a\000l\000i}{section.2.1}% 18
\BOOKMARK [2][-]{subsection.2.1.2}{\376\377\000R\000e\000q\000u\000i\000s\000i\000t\000i\000\040\000n\000o\000n\000\040\000f\000u\000n\000z\000i\000o\000n\000a\000l\000i}{section.2.1}% 19
\BOOKMARK [1][-]{section.2.2}{\376\377\000P\000r\000o\000g\000e\000t\000t\000a\000z\000i\000o\000n\000e\000\040\000g\000r\000a\000f\000i\000c\000a}{chapter.2}% 20
\BOOKMARK [2][-]{subsection.2.2.1}{\376\377\000M\000o\000c\000k\000u\000p}{section.2.2}% 21
\BOOKMARK [1][-]{section.2.3}{\376\377\000T\000e\000c\000n\000o\000l\000o\000g\000i\000e\000\040\000w\000e\000b\000\040\000u\000t\000i\000l\000i\000z\000z\000a\000t\000e}{chapter.2}% 22
\BOOKMARK [2][-]{subsection.2.3.1}{\376\377\000H\000T\000M\000L}{section.2.3}% 23
\BOOKMARK [2][-]{subsection.2.3.2}{\376\377\000C\000S\000S}{section.2.3}% 24
\BOOKMARK [2][-]{subsection.2.3.3}{\376\377\000J\000a\000v\000a\000S\000c\000r\000i\000p\000t}{section.2.3}% 25
\BOOKMARK [2][-]{subsection.2.3.4}{\376\377\000J\000q\000u\000e\000r\000y}{section.2.3}% 26
\BOOKMARK [2][-]{subsection.2.3.5}{\376\377\000B\000o\000o\000t\000s\000t\000r\000a\000p}{section.2.3}% 27
\BOOKMARK [2][-]{subsection.2.3.6}{\376\377\000P\000l\000o\000t\000l\000y}{section.2.3}% 28
\BOOKMARK [2][-]{subsection.2.3.7}{\376\377\000L\000e\000a\000f\000l\000e\000t\000\040\000-\000\040\000O\000p\000e\000n\000S\000t\000r\000e\000e\000t\000M\000a\000p}{section.2.3}% 29
\BOOKMARK [2][-]{subsection.2.3.8}{\376\377\000E\000s\000r\000i\000\040\000L\000e\000a\000f\000l\000e\000t}{section.2.3}% 30
\BOOKMARK [2][-]{subsection.2.3.9}{\376\377\000A\000Q\000I\000c\000n\000\040\000A\000P\000I}{section.2.3}% 31
\BOOKMARK [2][-]{subsection.2.3.10}{\376\377\000W\000e\000a\000t\000h\000e\000r\000b\000i\000t\000.\000i\000o}{section.2.3}% 32
\BOOKMARK [2][-]{subsection.2.3.11}{\376\377\000J\000a\000v\000a\000s\000c\000r\000i\000p\000t\000\040\000F\000e\000t\000c\000h\000\040\000A\000P\000I}{section.2.3}% 33
\BOOKMARK [2][-]{subsection.2.3.12}{\376\377\000P\000y\000t\000h\000o\000n\000\040\000F\000a\000s\000t\000A\000P\000I}{section.2.3}% 34
\BOOKMARK [1][-]{section.2.4}{\376\377\000T\000e\000c\000n\000o\000l\000o\000g\000i\000e\000\040\000u\000t\000i\000l\000i\000z\000z\000a\000t\000e\000\040\000p\000e\000r\000\040\000l\000a\000\040\000s\000o\000n\000i\000f\000i\000c\000a\000z\000i\000o\000n\000e}{chapter.2}% 35
\BOOKMARK [2][-]{subsection.2.4.1}{\376\377\000S\000t\000r\000a\000t\000e\000g\000i\000a\000\040\000d\000i\000\040\000s\000o\000n\000i\000f\000i\000c\000a\000z\000i\000o\000n\000e}{section.2.4}% 36
\BOOKMARK [2][-]{subsection.2.4.2}{\376\377\000D\000e\000s\000i\000g\000n\000\040\000a\000u\000d\000i\000o}{section.2.4}% 37
\BOOKMARK [2][-]{subsection.2.4.3}{\376\377\000S\000i\000n\000t\000e\000s\000i\000\040\000a\000u\000d\000i\000o}{section.2.4}% 38
\BOOKMARK [2][-]{subsection.2.4.4}{\376\377\000C\000r\000e\000a\000z\000i\000o\000n\000e\000\040\000d\000e\000l\000\040\000v\000i\000d\000e\000o}{section.2.4}% 39
\BOOKMARK [2][-]{subsection.2.4.5}{\376\377\000U\000n\000i\000r\000e\000\040\000A\000u\000d\000i\000o\000\040\000e\000\040\000V\000i\000d\000e\000o}{section.2.4}% 40
\BOOKMARK [2][-]{subsection.2.4.6}{\376\377\000A\000l\000t\000r\000i\000\040\000s\000o\000f\000t\000w\000a\000r\000e\000\040\000e\000\040\000h\000a\000r\000d\000w\000a\000r\000e\000\040\000u\000t\000i\000l\000i\000z\000z\000a\000t\000i}{section.2.4}% 41
\BOOKMARK [1][-]{section.2.5}{\376\377\000A\000r\000c\000h\000i\000t\000e\000t\000t\000u\000r\000a\000\040\000d\000e\000l\000\040\000s\000i\000s\000t\000e\000m\000a\000\040\000s\000c\000h\000e\000m\000a\000t\000i\000z\000z\000a\000t\000a}{chapter.2}% 42
\BOOKMARK [0][-]{chapter.3}{\376\377\000I\000m\000p\000l\000e\000m\000e\000n\000t\000a\000z\000i\000o\000n\000e}{}% 43
\BOOKMARK [1][-]{section.3.1}{\376\377\000R\000e\000a\000l\000i\000z\000z\000a\000z\000i\000o\000n\000e\000\040\000d\000e\000l\000l\000a\000\040\000M\000a\000p\000p\000a}{chapter.3}% 44
\BOOKMARK [2][-]{subsection.3.1.1}{\376\377\000D\000i\000f\000f\000e\000r\000e\000n\000z\000e\000\040\000c\000o\000n\000\040\000i\000\040\000m\000o\000c\000k\000u\000p}{section.3.1}% 45
\BOOKMARK [2][-]{subsection.3.1.2}{\376\377\000D\000e\000t\000t\000a\000g\000l\000i\000\040\000i\000m\000p\000l\000e\000m\000e\000n\000t\000a\000t\000i\000v\000i}{section.3.1}% 46
\BOOKMARK [1][-]{section.3.2}{\376\377\000R\000e\000a\000l\000i\000z\000z\000a\000z\000i\000o\000n\000e\000\040\000d\000e\000l\000\040\000s\000e\000r\000v\000e\000r}{chapter.3}% 47
\BOOKMARK [1][-]{section.3.3}{\376\377\000C\000r\000e\000a\000z\000i\000o\000n\000e\000\040\000d\000e\000l\000\040\000s\000u\000o\000n\000o}{chapter.3}% 48
\BOOKMARK [2][-]{subsection.3.3.1}{\376\377\000G\000e\000n\000e\000r\000a\000z\000i\000o\000n\000e\000\040\000S\000u\000b\000\040\000B\000a\000s\000s}{section.3.3}% 49
\BOOKMARK [2][-]{subsection.3.3.2}{\376\377\000E\000s\000p\000o\000r\000t\000a\000r\000e\000\040\000u\000n\000a\000\040\000t\000r\000a\000c\000c\000i\000a\000\040\000a\000u\000d\000i\000o}{section.3.3}% 50
\BOOKMARK [2][-]{subsection.3.3.3}{\376\377\000T\000r\000a\000c\000c\000i\000a\000\040\000p\000r\000i\000n\000c\000i\000p\000a\000l\000e\000\040\000e\000\040\000a\000c\000c\000o\000r\000d\000i\000\040\000-\000\040\000L\000e\000a\000d}{section.3.3}% 51
\BOOKMARK [2][-]{subsection.3.3.4}{\376\377\000C\000r\000e\000a\000z\000i\000o\000n\000e\000\040\000d\000e\000l\000\040\000r\000e\000s\000i\000d\000u\000o}{section.3.3}% 52
\BOOKMARK [0][-]{chapter*.40}{\376\377\000C\000o\000n\000c\000l\000u\000s\000i\000o\000n\000i}{}% 53
\BOOKMARK [0][-]{chapter*.40}{\376\377\000B\000i\000b\000l\000i\000o\000g\000r\000a\000f\000i\000a}{}% 54
\BOOKMARK [0][-]{chapter*.41}{\376\377\000R\000i\000n\000g\000r\000a\000z\000i\000a\000m\000e\000n\000t\000i}{}% 55
